<?xml version="1.0" encoding="UTF-8"?>
<testng-results skipped="0" failed="0" ignored="0" total="2" passed="2">
  <reporter-output>
  </reporter-output>
  <suite name="Default suite" duration-ms="73031" started-at="2021-11-24T13:12:26 IST" finished-at="2021-11-24T13:13:39 IST">
    <groups>
      <group name="cucumber">
        <method signature="AbstractTestNGCucumberTests.runScenario(io.cucumber.testng.PickleWrapper,io.cucumber.testng.FeatureWrapper)[pri:0, instance:testcase.CucumberRunner@6a79c292]" name="runScenario" class="io.cucumber.testng.AbstractTestNGCucumberTests"/>
      </group> <!-- cucumber -->
    </groups>
    <test name="Default test" duration-ms="73031" started-at="2021-11-24T13:12:26 IST" finished-at="2021-11-24T13:13:39 IST">
      <class name="testcase.CucumberRunner">
        <test-method status="PASS" signature="getIncidentNoFromExcel()[pri:0, instance:testcase.CucumberRunner@6a79c292]" name="getIncidentNoFromExcel" is-config="true" duration-ms="308" started-at="2021-11-24T13:12:25 IST" finished-at="2021-11-24T13:12:26 IST">
          <reporter-output>
          </reporter-output>
        </test-method> <!-- getIncidentNoFromExcel -->
        <test-method status="PASS" signature="setUpClass()[pri:0, instance:testcase.CucumberRunner@6a79c292]" name="setUpClass" is-config="true" duration-ms="336" started-at="2021-11-24T13:12:26 IST" finished-at="2021-11-24T13:12:26 IST">
          <reporter-output>
          </reporter-output>
        </test-method> <!-- setUpClass -->
        <test-method status="PASS" signature="launchApp()[pri:0, instance:testcase.CucumberRunner@6a79c292]" name="launchApp" is-config="true" duration-ms="10349" started-at="2021-11-24T13:12:26 IST" finished-at="2021-11-24T13:12:36 IST">
          <reporter-output>
          </reporter-output>
        </test-method> <!-- launchApp -->
        <test-method status="PASS" signature="launchApp()[pri:0, instance:testcase.CucumberRunner@6a79c292]" name="launchApp" is-config="true" duration-ms="11053" started-at="2021-11-24T13:12:26 IST" finished-at="2021-11-24T13:12:37 IST">
          <reporter-output>
          </reporter-output>
        </test-method> <!-- launchApp -->
        <test-method status="PASS" signature="runScenario(io.cucumber.testng.PickleWrapper,io.cucumber.testng.FeatureWrapper)[pri:0, instance:testcase.CucumberRunner@6a79c292]" name="runScenario" duration-ms="52609" started-at="2021-11-24T13:12:36 IST" description="Runs Cucumber Scenarios" data-provider="scenarios" finished-at="2021-11-24T13:13:29 IST">
          <params>
            <param index="0">
              <value>
                <![CDATA["To Delete a incident in serviceNow"]]>
              </value>
            </param>
            <param index="1">
              <value>
                <![CDATA["Optional[ServiceNow]"]]>
              </value>
            </param>
          </params>
          <reporter-output>
          </reporter-output>
        </test-method> <!-- runScenario -->
        <test-method status="PASS" signature="runScenario(io.cucumber.testng.PickleWrapper,io.cucumber.testng.FeatureWrapper)[pri:0, instance:testcase.CucumberRunner@6a79c292]" name="runScenario" duration-ms="54040" started-at="2021-11-24T13:12:37 IST" description="Runs Cucumber Scenarios" data-provider="scenarios" finished-at="2021-11-24T13:13:31 IST">
          <params>
            <param index="0">
              <value>
                <![CDATA["To Delete a incident in serviceNow"]]>
              </value>
            </param>
            <param index="1">
              <value>
                <![CDATA["Optional[ServiceNow]"]]>
              </value>
            </param>
          </params>
          <reporter-output>
          </reporter-output>
        </test-method> <!-- runScenario -->
        <test-method status="PASS" signature="closeApp()[pri:0, instance:testcase.CucumberRunner@6a79c292]" name="closeApp" is-config="true" duration-ms="4119" started-at="2021-11-24T13:13:29 IST" finished-at="2021-11-24T13:13:33 IST">
          <reporter-output>
          </reporter-output>
        </test-method> <!-- closeApp -->
        <test-method status="PASS" signature="closeApp()[pri:0, instance:testcase.CucumberRunner@6a79c292]" name="closeApp" is-config="true" duration-ms="111" started-at="2021-11-24T13:13:31 IST" finished-at="2021-11-24T13:13:31 IST">
          <reporter-output>
          </reporter-output>
        </test-method> <!-- closeApp -->
        <test-method status="PASS" signature="tearDownClass()[pri:0, instance:testcase.CucumberRunner@6a79c292]" name="tearDownClass" is-config="true" duration-ms="5607" started-at="2021-11-24T13:13:33 IST" finished-at="2021-11-24T13:13:39 IST">
          <reporter-output>
          </reporter-output>
        </test-method> <!-- tearDownClass -->
      </class> <!-- testcase.CucumberRunner -->
    </test> <!-- Default test -->
  </suite> <!-- Default suite -->
</testng-results>
