<?xml version="1.0" encoding="UTF-8"?>
<testng-results skipped="0" failed="0" ignored="0" total="2" passed="2">
  <reporter-output>
  </reporter-output>
  <suite name="Default suite" duration-ms="80367" started-at="2021-11-14T20:02:21 IST" finished-at="2021-11-14T20:03:42 IST">
    <groups>
      <group name="cucumber">
        <method signature="AbstractTestNGCucumberTests.runScenario(io.cucumber.testng.PickleWrapper,io.cucumber.testng.FeatureWrapper)[pri:0, instance:testcase.CreateNewIncident@4df828d7]" name="runScenario" class="io.cucumber.testng.AbstractTestNGCucumberTests"/>
      </group> <!-- cucumber -->
    </groups>
    <test name="Default test" duration-ms="80367" started-at="2021-11-14T20:02:21 IST" finished-at="2021-11-14T20:03:42 IST">
      <class name="testcase.CreateNewIncident">
        <test-method status="PASS" signature="setFilename()[pri:0, instance:testcase.CreateNewIncident@4df828d7]" name="setFilename" is-config="true" duration-ms="0" started-at="2021-11-14T20:02:21 IST" finished-at="2021-11-14T20:02:21 IST">
          <reporter-output>
          </reporter-output>
        </test-method> <!-- setFilename -->
        <test-method status="PASS" signature="setUpClass()[pri:0, instance:testcase.CreateNewIncident@4df828d7]" name="setUpClass" is-config="true" duration-ms="320" started-at="2021-11-14T20:02:21 IST" finished-at="2021-11-14T20:02:22 IST">
          <reporter-output>
          </reporter-output>
        </test-method> <!-- setUpClass -->
        <test-method status="PASS" signature="launchApp()[pri:0, instance:testcase.CreateNewIncident@4df828d7]" name="launchApp" is-config="true" duration-ms="9065" started-at="2021-11-14T20:02:22 IST" finished-at="2021-11-14T20:02:31 IST">
          <reporter-output>
          </reporter-output>
        </test-method> <!-- launchApp -->
        <test-method status="PASS" signature="runScenario(io.cucumber.testng.PickleWrapper,io.cucumber.testng.FeatureWrapper)[pri:0, instance:testcase.CreateNewIncident@4df828d7]" name="runScenario" duration-ms="26741" started-at="2021-11-14T20:02:31 IST" description="Runs Cucumber Scenarios" data-provider="scenarios" finished-at="2021-11-14T20:02:58 IST">
          <params>
            <param index="0">
              <value>
                <![CDATA["To Create a new incident in serviceNow"]]>
              </value>
            </param>
            <param index="1">
              <value>
                <![CDATA["Optional[ServiceNow]"]]>
              </value>
            </param>
          </params>
          <reporter-output>
          </reporter-output>
        </test-method> <!-- runScenario -->
        <test-method status="PASS" signature="closeApp()[pri:0, instance:testcase.CreateNewIncident@4df828d7]" name="closeApp" is-config="true" duration-ms="4116" started-at="2021-11-14T20:02:58 IST" finished-at="2021-11-14T20:03:02 IST">
          <reporter-output>
          </reporter-output>
        </test-method> <!-- closeApp -->
        <test-method status="PASS" signature="launchApp()[pri:0, instance:testcase.CreateNewIncident@4df828d7]" name="launchApp" is-config="true" duration-ms="9951" started-at="2021-11-14T20:03:02 IST" finished-at="2021-11-14T20:03:12 IST">
          <reporter-output>
          </reporter-output>
        </test-method> <!-- launchApp -->
        <test-method status="PASS" signature="runScenario(io.cucumber.testng.PickleWrapper,io.cucumber.testng.FeatureWrapper)[pri:0, instance:testcase.CreateNewIncident@4df828d7]" name="runScenario" duration-ms="23537" started-at="2021-11-14T20:03:12 IST" description="Runs Cucumber Scenarios" data-provider="scenarios" finished-at="2021-11-14T20:03:35 IST">
          <params>
            <param index="0">
              <value>
                <![CDATA["To Create a new incident in serviceNow"]]>
              </value>
            </param>
            <param index="1">
              <value>
                <![CDATA["Optional[ServiceNow]"]]>
              </value>
            </param>
          </params>
          <reporter-output>
          </reporter-output>
        </test-method> <!-- runScenario -->
        <test-method status="PASS" signature="closeApp()[pri:0, instance:testcase.CreateNewIncident@4df828d7]" name="closeApp" is-config="true" duration-ms="4124" started-at="2021-11-14T20:03:35 IST" finished-at="2021-11-14T20:03:39 IST">
          <reporter-output>
          </reporter-output>
        </test-method> <!-- closeApp -->
        <test-method status="PASS" signature="writeToexcel()[pri:0, instance:testcase.CreateNewIncident@4df828d7]" name="writeToexcel" is-config="true" duration-ms="961" started-at="2021-11-14T20:03:39 IST" finished-at="2021-11-14T20:03:40 IST">
          <reporter-output>
          </reporter-output>
        </test-method> <!-- writeToexcel -->
        <test-method status="PASS" signature="tearDownClass()[pri:0, instance:testcase.CreateNewIncident@4df828d7]" name="tearDownClass" is-config="true" duration-ms="1526" started-at="2021-11-14T20:03:40 IST" finished-at="2021-11-14T20:03:42 IST">
          <reporter-output>
          </reporter-output>
        </test-method> <!-- tearDownClass -->
      </class> <!-- testcase.CreateNewIncident -->
    </test> <!-- Default test -->
  </suite> <!-- Default suite -->
</testng-results>
