<?xml version="1.0" encoding="UTF-8"?>
<!-- Generated by org.testng.reporters.JUnitXMLReporter -->
<testsuite hostname="DESKTOP-STKN78T" ignored="0" name="Default test" tests="2" failures="0" timestamp="2021-11-24T13:13:39 IST" time="73.031" errors="0">
  <testcase name="runScenario" time="52.609" classname="io.cucumber.testng.AbstractTestNGCucumberTests"/>
  <testcase name="runScenario" time="54.04" classname="io.cucumber.testng.AbstractTestNGCucumberTests"/>
</testsuite> <!-- Default test -->
